This file contains any messages produced by compilers while
running configure, to aid debugging if configure makes a mistake.

It was created by emacs-zmq configure 0.10.9, which was
generated by GNU Autoconf 2.69.  Invocation command line was

  $ ./configure CPPFLAGS= --host= --prefix=/home/zacharias/.emacs.d/elpa/zmq-20190812.1910 --enable-shared=emacs-zmq --enable-static=zeromq --without-docs --enable-drafts=yes --enable-libunwind=no --disable-curve-keygen --disable-perf --disable-eventfd

## --------- ##
## Platform. ##
## --------- ##

hostname = z-solus-laptop
uname -m = x86_64
uname -r = 5.3.7-132.current
uname -s = Linux
uname -v = #1 SMP PREEMPT Wed Oct 30 04:15:26 UTC 2019

/usr/bin/uname -p = unknown
/bin/uname -X     = unknown

/bin/arch              = x86_64
/usr/bin/arch -k       = unknown
/usr/convex/getsysinfo = unknown
/usr/bin/hostinfo      = unknown
/bin/machine           = unknown
/usr/bin/oslevel       = unknown
/bin/universe          = unknown

PATH: /sbin
PATH: /bin
PATH: /usr/sbin
PATH: /usr/bin
PATH: /usr/local/bin
PATH: /snap/bin


## ----------- ##
## Core tests. ##
## ----------- ##

configure:2191: checking for a BSD-compatible install
configure:2259: result: /usr/bin/install -c
configure:2270: checking whether build environment is sane
configure:2325: result: yes
configure:2474: checking for a thread-safe mkdir -p
configure:2513: result: /bin/mkdir -p
configure:2520: checking for gawk
configure:2536: found /usr/bin/gawk
configure:2547: result: gawk
configure:2558: checking whether make sets $(MAKE)
configure:2580: result: yes
configure:2609: checking whether make supports nested variables
configure:2626: result: yes
configure:2800: checking for gcc
configure:2816: found /usr/bin/gcc
configure:2827: result: gcc
configure:3056: checking for C compiler version
configure:3065: gcc --version >&5
gcc (Solus) 9.2.0
Copyright (C) 2019 Free Software Foundation, Inc.
This is free software; see the source for copying conditions.  There is NO
warranty; not even for MERCHANTABILITY or FITNESS FOR A PARTICULAR PURPOSE.

configure:3076: $? = 0
configure:3065: gcc -v >&5
Using built-in specs.
COLLECT_GCC=gcc
COLLECT_LTO_WRAPPER=/usr/lib64/gcc/x86_64-solus-linux/9/lto-wrapper
Target: x86_64-solus-linux
Configured with: ../configure --prefix=/usr --with-pkgversion=Solus --libdir=/usr/lib64 --libexecdir=/usr/lib64 --with-system-zlib --enable-shared --enable-threads=posix --enable-gnu-indirect-function --enable-__cxa_atexit --enable-plugin --enable-gold --enable-ld=default --enable-clocale=gnu --enable-multilib --with-multilib-list=m32,m64 --enable-lto --with-gcc-major-version-only --with-bugurl=https://dev.getsol.us/ --with-arch_32=i686 --enable-linker-build-id --with-linker-hash-style=gnu --with-gnu-ld --build=x86_64-solus-linux --target=x86_64-solus-linux --enable-languages=c,c++,fortran
Thread model: posix
gcc version 9.2.0 (Solus) 
configure:3076: $? = 0
configure:3065: gcc -V >&5
gcc: error: unrecognized command line option '-V'
gcc: fatal error: no input files
compilation terminated.
configure:3076: $? = 1
configure:3065: gcc -qversion >&5
gcc: error: unrecognized command line option '-qversion'; did you mean '--version'?
gcc: fatal error: no input files
compilation terminated.
configure:3076: $? = 1
configure:3096: checking whether the C compiler works
configure:3118: gcc    conftest.c  >&5
configure:3122: $? = 0
configure:3170: result: yes
configure:3173: checking for C compiler default output file name
configure:3175: result: a.out
configure:3181: checking for suffix of executables
configure:3188: gcc -o conftest    conftest.c  >&5
configure:3192: $? = 0
configure:3214: result: 
configure:3236: checking whether we are cross compiling
configure:3244: gcc -o conftest    conftest.c  >&5
configure:3248: $? = 0
configure:3255: ./conftest
configure:3259: $? = 0
configure:3247: result: no
configure:3252: checking for suffix of object files
configure:3274: gcc -c   conftest.c >&5
configure:3278: $? = 0
configure:3299: result: o
configure:3303: checking whether we are using the GNU C compiler
configure:3322: gcc -c   conftest.c >&5
configure:3322: $? = 0
configure:3331: result: yes
configure:3340: checking whether gcc accepts -g
configure:3360: gcc -c -g  conftest.c >&5
configure:3360: $? = 0
configure:3401: result: yes
configure:3418: checking for gcc option to accept ISO C89
configure:3481: gcc  -c -g -O2  conftest.c >&5
configure:3481: $? = 0
configure:3494: result: none needed
configure:3519: checking whether gcc understands -c and -o together
configure:3541: gcc -c conftest.c -o conftest2.o
configure:3544: $? = 0
configure:3541: gcc -c conftest.c -o conftest2.o
configure:3544: $? = 0
configure:3556: result: yes
configure:3576: checking whether make supports the include directive
configure:3591: make -f confmf.GNU && cat confinc.out
make[2]: Entering directory '/home/zacharias/.emacs.d/elpa/zmq-20190812.1910/src'
make[2]: Leaving directory '/home/zacharias/.emacs.d/elpa/zmq-20190812.1910/src'
this is the am__doit target
configure:3594: $? = 0
configure:3613: result: yes (GNU style)
configure:3638: checking dependency style of gcc
configure:3749: result: gcc3
configure:3814: checking for ar
configure:3830: found /usr/bin/ar
configure:3841: result: ar
configure:3867: checking the archiver (ar) interface
configure:3883: gcc -c -g -O2  conftest.c >&5
configure:3883: $? = 0
configure:3885: ar cru libconftest.a conftest.o >&5
ar: `u' modifier ignored since `D' is the default (see `U')
configure:3888: $? = 0
configure:3887: result: ar
configure:3911: checking build system type
configure:3925: result: x86_64-pc-linux-gnu
configure:3945: checking host system type
configure:3958: result: x86_64-pc-linux-gnu
configure:4033: checking for pkg-config
configure:4051: found /usr/bin/pkg-config
configure:4063: result: /usr/bin/pkg-config
configure:4088: checking pkg-config is at least version 0.9.0
configure:4091: result: yes
configure:4101: checking for libzmq
configure:4108: $PKG_CONFIG --exists --print-errors "libzmq"
Package libzmq was not found in the pkg-config search path.
Perhaps you should add the directory containing `libzmq.pc'
to the PKG_CONFIG_PATH environment variable
No package 'libzmq' found
configure:4111: $? = 1
configure:4125: $PKG_CONFIG --exists --print-errors "libzmq"
Package libzmq was not found in the pkg-config search path.
Perhaps you should add the directory containing `libzmq.pc'
to the PKG_CONFIG_PATH environment variable
No package 'libzmq' found
configure:4128: $? = 1
configure:4142: result: no
No package 'libzmq' found
configure:4159: libzmq not found by pkg-config, building one locally
configure:4364: checking how to print strings
configure:4391: result: printf
configure:4412: checking for a sed that does not truncate output
configure:4476: result: /bin/sed
configure:4494: checking for grep that handles long lines and -e
configure:4552: result: /bin/grep
configure:4557: checking for egrep
configure:4619: result: /bin/grep -E
configure:4624: checking for fgrep
configure:4686: result: /bin/grep -F
configure:4721: checking for ld used by gcc
configure:4788: result: /usr/bin/ld
configure:4795: checking if the linker (/usr/bin/ld) is GNU ld
configure:4810: result: yes
configure:4822: checking for BSD- or MS-compatible name lister (nm)
configure:4876: result: /usr/bin/nm -B
configure:5006: checking the name lister (/usr/bin/nm -B) interface
configure:5013: gcc -c -fPIC -g -O2  conftest.c >&5
configure:5016: /usr/bin/nm -B "conftest.o"
configure:5019: output
0000000000000000 B some_variable
configure:5020: result: BSD nm
configure:5023: checking whether ln -s works
configure:5027: result: yes
configure:5035: checking the maximum length of command line arguments
configure:5166: result: 1879296
configure:5214: checking how to convert x86_64-pc-linux-gnu file names to x86_64-pc-linux-gnu format
configure:5254: result: func_convert_file_noop
configure:5261: checking how to convert x86_64-pc-linux-gnu file names to toolchain format
configure:5281: result: func_convert_file_noop
configure:5288: checking for /usr/bin/ld option to reload object files
configure:5295: result: -r
configure:5369: checking for objdump
configure:5385: found /usr/bin/objdump
configure:5396: result: objdump
configure:5425: checking how to recognize dependent libraries
configure:5625: result: pass_all
configure:5710: checking for dlltool
configure:5740: result: no
configure:5767: checking how to associate runtime and link libraries
configure:5794: result: printf %s\n
configure:5918: checking for archiver @FILE support
configure:5935: gcc -c -fPIC -g -O2  conftest.c >&5
configure:5935: $? = 0
configure:5938: ar cru libconftest.a @conftest.lst >&5
ar: `u' modifier ignored since `D' is the default (see `U')
configure:5941: $? = 0
configure:5946: ar cru libconftest.a @conftest.lst >&5
ar: `u' modifier ignored since `D' is the default (see `U')
ar: conftest.o: No such file or directory
configure:5949: $? = 1
configure:5948: result: @
configure:6006: checking for strip
configure:6022: found /usr/bin/strip
configure:6033: result: strip
configure:6105: checking for ranlib
configure:6121: found /usr/bin/ranlib
configure:6132: result: ranlib
configure:6234: checking command to parse /usr/bin/nm -B output from gcc object
configure:6387: gcc -c -fPIC -g -O2  conftest.c >&5
configure:6390: $? = 0
configure:6394: /usr/bin/nm -B conftest.o \| sed -n -e 's/^.*[ ]\([ABCDGIRSTW][ABCDGIRSTW]*\)[ ][ ]*\([_A-Za-z][_A-Za-z0-9]*\)$/\1 \2 \2/p' | sed '/ __gnu_lto/d' \> conftest.nm
configure:6397: $? = 0
configure:6463: gcc -o conftest -fPIC -g -O2  -Wl,-l:libstdc++.a -Wl,-l:libgcc.a  conftest.c conftstm.o >&5
configure:6466: $? = 0
configure:6504: result: ok
configure:6551: checking for sysroot
configure:6581: result: no
configure:6588: checking for a working dd
configure:6626: result: /bin/dd
configure:6630: checking how to truncate binary pipes
configure:6645: result: /bin/dd bs=4096 count=1
configure:6781: gcc -c -fPIC -g -O2  conftest.c >&5
configure:6784: $? = 0
configure:6974: checking for mt
configure:6990: found /bin/mt
configure:7001: result: mt
configure:7024: checking if mt is a manifest tool
configure:7030: mt '-?'
configure:7038: result: no
configure:7715: checking how to run the C preprocessor
configure:7746: gcc -E  conftest.c
configure:7746: $? = 0
configure:7760: gcc -E  conftest.c
conftest.c:11:10: fatal error: ac_nonexistent.h: No such file or directory
   11 | #include <ac_nonexistent.h>
      |          ^~~~~~~~~~~~~~~~~~
compilation terminated.
configure:7760: $? = 1
configure: failed program was:
| /* confdefs.h */
| #define PACKAGE_NAME "emacs-zmq"
| #define PACKAGE_TARNAME "emacs-zmq"
| #define PACKAGE_VERSION "0.10.9"
| #define PACKAGE_STRING "emacs-zmq 0.10.9"
| #define PACKAGE_BUGREPORT "nathanielnicandro@gmail.com"
| #define PACKAGE_URL ""
| #define PACKAGE "emacs-zmq"
| #define VERSION "0.10.9"
| /* end confdefs.h.  */
| #include <ac_nonexistent.h>
configure:7785: result: gcc -E
configure:7805: gcc -E  conftest.c
configure:7805: $? = 0
configure:7819: gcc -E  conftest.c
conftest.c:11:10: fatal error: ac_nonexistent.h: No such file or directory
   11 | #include <ac_nonexistent.h>
      |          ^~~~~~~~~~~~~~~~~~
compilation terminated.
configure:7819: $? = 1
configure: failed program was:
| /* confdefs.h */
| #define PACKAGE_NAME "emacs-zmq"
| #define PACKAGE_TARNAME "emacs-zmq"
| #define PACKAGE_VERSION "0.10.9"
| #define PACKAGE_STRING "emacs-zmq 0.10.9"
| #define PACKAGE_BUGREPORT "nathanielnicandro@gmail.com"
| #define PACKAGE_URL ""
| #define PACKAGE "emacs-zmq"
| #define VERSION "0.10.9"
| /* end confdefs.h.  */
| #include <ac_nonexistent.h>
configure:7848: checking for ANSI C header files
configure:7868: gcc -c -fPIC -g -O2  conftest.c >&5
configure:7868: $? = 0
configure:7941: gcc -o conftest -fPIC -g -O2  -Wl,-l:libstdc++.a -Wl,-l:libgcc.a  conftest.c  >&5
configure:7941: $? = 0
configure:7941: ./conftest
configure:7941: $? = 0
configure:7952: result: yes
configure:7965: checking for sys/types.h
configure:7965: gcc -c -fPIC -g -O2  conftest.c >&5
configure:7965: $? = 0
configure:7965: result: yes
configure:7965: checking for sys/stat.h
configure:7965: gcc -c -fPIC -g -O2  conftest.c >&5
configure:7965: $? = 0
configure:7965: result: yes
configure:7965: checking for stdlib.h
configure:7965: gcc -c -fPIC -g -O2  conftest.c >&5
configure:7965: $? = 0
configure:7965: result: yes
configure:7965: checking for string.h
configure:7965: gcc -c -fPIC -g -O2  conftest.c >&5
configure:7965: $? = 0
configure:7965: result: yes
configure:7965: checking for memory.h
configure:7965: gcc -c -fPIC -g -O2  conftest.c >&5
configure:7965: $? = 0
configure:7965: result: yes
configure:7965: checking for strings.h
configure:7965: gcc -c -fPIC -g -O2  conftest.c >&5
configure:7965: $? = 0
configure:7965: result: yes
configure:7965: checking for inttypes.h
configure:7965: gcc -c -fPIC -g -O2  conftest.c >&5
configure:7965: $? = 0
configure:7965: result: yes
configure:7965: checking for stdint.h
configure:7965: gcc -c -fPIC -g -O2  conftest.c >&5
configure:7965: $? = 0
configure:7965: result: yes
configure:7965: checking for unistd.h
configure:7965: gcc -c -fPIC -g -O2  conftest.c >&5
configure:7965: $? = 0
configure:7965: result: yes
configure:7979: checking for dlfcn.h
configure:7979: gcc -c -fPIC -g -O2  conftest.c >&5
configure:7979: $? = 0
configure:7979: result: yes
configure:8531: checking for objdir
configure:8546: result: .libs
configure:8810: checking if gcc supports -fno-rtti -fno-exceptions
configure:8828: gcc -c -fPIC -g -O2  -fno-rtti -fno-exceptions conftest.c >&5
cc1: warning: command line option '-fno-rtti' is valid for C++/D/ObjC++ but not for C
configure:8832: $? = 0
configure:8845: result: no
configure:9203: checking for gcc option to produce PIC
configure:9210: result: -fPIC -DPIC
configure:9218: checking if gcc PIC flag -fPIC -DPIC works
configure:9236: gcc -c -fPIC -g -O2  -fPIC -DPIC -DPIC conftest.c >&5
configure:9240: $? = 0
configure:9253: result: yes
configure:9282: checking if gcc static flag -static works
configure:9310: result: yes
configure:9325: checking if gcc supports -c -o file.o
configure:9346: gcc -c -fPIC -g -O2  -o out/conftest2.o conftest.c >&5
configure:9350: $? = 0
configure:9372: result: yes
configure:9380: checking if gcc supports -c -o file.o
configure:9427: result: yes
configure:9460: checking whether the gcc linker (/usr/bin/ld -m elf_x86_64) supports shared libraries
configure:10719: result: yes
configure:10756: checking whether -lc should be explicitly linked in
configure:10764: gcc -c -fPIC -g -O2  conftest.c >&5
configure:10767: $? = 0
configure:10782: gcc -shared  -fPIC -DPIC conftest.o  -v -Wl,-soname -Wl,conftest -o conftest 2\>\&1 \| /bin/grep  -lc  \>/dev/null 2\>\&1
configure:10785: $? = 0
configure:10799: result: no
configure:10959: checking dynamic linker characteristics
configure:11540: gcc -o conftest -fPIC -g -O2  -Wl,-l:libstdc++.a -Wl,-l:libgcc.a  -Wl,-rpath -Wl,/foo conftest.c  >&5
configure:11540: $? = 0
configure:11777: result: GNU/Linux ld.so
configure:11899: checking how to hardcode library paths into programs
configure:11924: result: immediate
configure:12472: checking whether stripping libraries is possible
configure:12477: result: yes
configure:12512: checking if libtool supports shared libraries
configure:12514: result: yes
configure:12517: checking whether to build shared libraries
configure:12542: result: yes
configure:12545: checking whether to build static libraries
configure:12549: result: no
configure:9517: checking that generated files are newer than configure
configure:9523: result: done
configure:9554: creating ./config.status

## ---------------------- ##
## Running config.status. ##
## ---------------------- ##

This file was extended by emacs-zmq config.status 0.10.9, which was
generated by GNU Autoconf 2.69.  Invocation command line was

  CONFIG_FILES    = 
  CONFIG_HEADERS  = 
  CONFIG_LINKS    = 
  CONFIG_COMMANDS = 
  $ ./config.status 

on z-solus-laptop

config.status:1015: creating Makefile
config.status:1187: executing depfiles commands
config.status:1264: cd .       && sed -e '/# am--include-marker/d' Makefile         | make -f - am--depfiles
make[2]: Entering directory '/home/zacharias/.emacs.d/elpa/zmq-20190812.1910/src'
make[2]: Leaving directory '/home/zacharias/.emacs.d/elpa/zmq-20190812.1910/src'
config.status:1269: $? = 0
config.status:1187: executing libtool commands
configure:11582: === configuring in libzmq (/home/zacharias/.emacs.d/elpa/zmq-20190812.1910/src/libzmq)
configure:11645: running /bin/sh ./configure --disable-option-checking '--prefix=/home/zacharias/.emacs.d/elpa/zmq-20190812.1910'  'CPPFLAGS=' '--host=' '--enable-shared=emacs-zmq' '--enable-static=zeromq' '--without-docs' '--enable-drafts=yes' '--enable-libunwind=no' '--disable-curve-keygen' '--disable-perf' '--disable-eventfd' 'host_alias=' --cache-file=/dev/null --srcdir=.

## ---------------- ##
## Cache variables. ##
## ---------------- ##

ac_cv_build=x86_64-pc-linux-gnu
ac_cv_c_compiler_gnu=yes
ac_cv_env_CC_set=
ac_cv_env_CC_value=
ac_cv_env_CFLAGS_set=
ac_cv_env_CFLAGS_value=
ac_cv_env_CPPFLAGS_set=set
ac_cv_env_CPPFLAGS_value=
ac_cv_env_CPP_set=
ac_cv_env_CPP_value=
ac_cv_env_LDFLAGS_set=
ac_cv_env_LDFLAGS_value=
ac_cv_env_LIBS_set=
ac_cv_env_LIBS_value=
ac_cv_env_LT_SYS_LIBRARY_PATH_set=
ac_cv_env_LT_SYS_LIBRARY_PATH_value=
ac_cv_env_PKG_CONFIG_LIBDIR_set=
ac_cv_env_PKG_CONFIG_LIBDIR_value=
ac_cv_env_PKG_CONFIG_PATH_set=
ac_cv_env_PKG_CONFIG_PATH_value=
ac_cv_env_PKG_CONFIG_set=
ac_cv_env_PKG_CONFIG_value=
ac_cv_env_ZMQ_CFLAGS_set=
ac_cv_env_ZMQ_CFLAGS_value=
ac_cv_env_ZMQ_LIBS_set=
ac_cv_env_ZMQ_LIBS_value=
ac_cv_env_build_alias_set=
ac_cv_env_build_alias_value=
ac_cv_env_host_alias_set=set
ac_cv_env_host_alias_value=
ac_cv_env_target_alias_set=
ac_cv_env_target_alias_value=
ac_cv_header_dlfcn_h=yes
ac_cv_header_inttypes_h=yes
ac_cv_header_memory_h=yes
ac_cv_header_stdc=yes
ac_cv_header_stdint_h=yes
ac_cv_header_stdlib_h=yes
ac_cv_header_string_h=yes
ac_cv_header_strings_h=yes
ac_cv_header_sys_stat_h=yes
ac_cv_header_sys_types_h=yes
ac_cv_header_unistd_h=yes
ac_cv_host=x86_64-pc-linux-gnu
ac_cv_objext=o
ac_cv_path_EGREP='/bin/grep -E'
ac_cv_path_FGREP='/bin/grep -F'
ac_cv_path_GREP=/bin/grep
ac_cv_path_SED=/bin/sed
ac_cv_path_ac_pt_PKG_CONFIG=/usr/bin/pkg-config
ac_cv_path_install='/usr/bin/install -c'
ac_cv_path_lt_DD=/bin/dd
ac_cv_path_mkdir=/bin/mkdir
ac_cv_prog_AWK=gawk
ac_cv_prog_CPP='gcc -E'
ac_cv_prog_ac_ct_AR=ar
ac_cv_prog_ac_ct_CC=gcc
ac_cv_prog_ac_ct_MANIFEST_TOOL=mt
ac_cv_prog_ac_ct_OBJDUMP=objdump
ac_cv_prog_ac_ct_RANLIB=ranlib
ac_cv_prog_ac_ct_STRIP=strip
ac_cv_prog_cc_c89=
ac_cv_prog_cc_g=yes
ac_cv_prog_make_make_set=yes
am_cv_CC_dependencies_compiler_type=gcc3
am_cv_ar_interface=ar
am_cv_make_support_nested_variables=yes
am_cv_prog_cc_c_o=yes
lt_cv_ar_at_file=@
lt_cv_archive_cmds_need_lc=no
lt_cv_deplibs_check_method=pass_all
lt_cv_file_magic_cmd='$MAGIC_CMD'
lt_cv_file_magic_test_file=
lt_cv_ld_reload_flag=-r
lt_cv_nm_interface='BSD nm'
lt_cv_objdir=.libs
lt_cv_path_LD=/usr/bin/ld
lt_cv_path_NM='/usr/bin/nm -B'
lt_cv_path_mainfest_tool=no
lt_cv_prog_compiler_c_o=yes
lt_cv_prog_compiler_pic='-fPIC -DPIC'
lt_cv_prog_compiler_pic_works=yes
lt_cv_prog_compiler_rtti_exceptions=no
lt_cv_prog_compiler_static_works=yes
lt_cv_prog_gnu_ld=yes
lt_cv_sharedlib_from_linklib_cmd='printf %s\n'
lt_cv_shlibpath_overrides_runpath=no
lt_cv_sys_global_symbol_pipe='sed -n -e '\''s/^.*[	 ]\([ABCDGIRSTW][ABCDGIRSTW]*\)[	 ][	 ]*\([_A-Za-z][_A-Za-z0-9]*\)$/\1 \2 \2/p'\'' | sed '\''/ __gnu_lto/d'\'''
lt_cv_sys_global_symbol_to_c_name_address='sed -n -e '\''s/^: \(.*\) .*$/  {"\1", (void *) 0},/p'\'' -e '\''s/^[ABCDGIRSTW][ABCDGIRSTW]* .* \(.*\)$/  {"\1", (void *) \&\1},/p'\'''
lt_cv_sys_global_symbol_to_c_name_address_lib_prefix='sed -n -e '\''s/^: \(.*\) .*$/  {"\1", (void *) 0},/p'\'' -e '\''s/^[ABCDGIRSTW][ABCDGIRSTW]* .* \(lib.*\)$/  {"\1", (void *) \&\1},/p'\'' -e '\''s/^[ABCDGIRSTW][ABCDGIRSTW]* .* \(.*\)$/  {"lib\1", (void *) \&\1},/p'\'''
lt_cv_sys_global_symbol_to_cdecl='sed -n -e '\''s/^T .* \(.*\)$/extern int \1();/p'\'' -e '\''s/^[ABCDGIRSTW][ABCDGIRSTW]* .* \(.*\)$/extern char \1;/p'\'''
lt_cv_sys_global_symbol_to_import=
lt_cv_sys_max_cmd_len=1879296
lt_cv_to_host_file_cmd=func_convert_file_noop
lt_cv_to_tool_file_cmd=func_convert_file_noop
lt_cv_truncate_bin='/bin/dd bs=4096 count=1'

## ----------------- ##
## Output variables. ##
## ----------------- ##

ACLOCAL='${SHELL} /home/zacharias/.emacs.d/elpa/zmq-20190812.1910/src/missing aclocal-1.16'
AMDEPBACKSLASH='\'
AMDEP_FALSE='#'
AMDEP_TRUE=''
AMTAR='$${TAR-tar}'
AM_BACKSLASH='\'
AM_DEFAULT_V='$(AM_DEFAULT_VERBOSITY)'
AM_DEFAULT_VERBOSITY='1'
AM_V='$(V)'
AR='ar'
AS='as'
AUTOCONF='${SHELL} /home/zacharias/.emacs.d/elpa/zmq-20190812.1910/src/missing autoconf'
AUTOHEADER='${SHELL} /home/zacharias/.emacs.d/elpa/zmq-20190812.1910/src/missing autoheader'
AUTOMAKE='${SHELL} /home/zacharias/.emacs.d/elpa/zmq-20190812.1910/src/missing automake-1.16'
AWK='gawk'
CC='gcc'
CCDEPMODE='depmode=gcc3'
CFLAGS='-fPIC -g -O2'
CPP='gcc -E'
CPPFLAGS=''
CYGPATH_W='echo'
DEFS='-DPACKAGE_NAME=\"emacs-zmq\" -DPACKAGE_TARNAME=\"emacs-zmq\" -DPACKAGE_VERSION=\"0.10.9\" -DPACKAGE_STRING=\"emacs-zmq\ 0.10.9\" -DPACKAGE_BUGREPORT=\"nathanielnicandro@gmail.com\" -DPACKAGE_URL=\"\" -DPACKAGE=\"emacs-zmq\" -DVERSION=\"0.10.9\" -DSTDC_HEADERS=1 -DHAVE_SYS_TYPES_H=1 -DHAVE_SYS_STAT_H=1 -DHAVE_STDLIB_H=1 -DHAVE_STRING_H=1 -DHAVE_MEMORY_H=1 -DHAVE_STRINGS_H=1 -DHAVE_INTTYPES_H=1 -DHAVE_STDINT_H=1 -DHAVE_UNISTD_H=1 -DHAVE_DLFCN_H=1 -DLT_OBJDIR=\".libs/\"'
DEPDIR='.deps'
DLLTOOL='false'
DSYMUTIL=''
DUMPBIN=''
ECHO_C=''
ECHO_N='-n'
ECHO_T=''
EGREP='/bin/grep -E'
EXEEXT=''
FGREP='/bin/grep -F'
GREP='/bin/grep'
INSTALL_DATA='${INSTALL} -m 644'
INSTALL_PROGRAM='${INSTALL}'
INSTALL_SCRIPT='${INSTALL}'
INSTALL_STRIP_PROGRAM='$(install_sh) -c -s'
LD='/usr/bin/ld -m elf_x86_64'
LDFLAGS='-Wl,-l:libstdc++.a -Wl,-l:libgcc.a '
LIBOBJS=''
LIBS=''
LIBTOOL='$(SHELL) $(top_builddir)/libtool'
LIPO=''
LN_S='ln -s'
LTLIBOBJS=''
LT_SYS_LIBRARY_PATH=''
MAKEINFO='${SHELL} /home/zacharias/.emacs.d/elpa/zmq-20190812.1910/src/missing makeinfo'
MANIFEST_TOOL=':'
MAYBE_LIBZMQ='libzmq'
MKDIR_P='/bin/mkdir -p'
NM='/usr/bin/nm -B'
NMEDIT=''
OBJDUMP='objdump'
OBJEXT='o'
OTOOL64=''
OTOOL=''
PACKAGE='emacs-zmq'
PACKAGE_BUGREPORT='nathanielnicandro@gmail.com'
PACKAGE_NAME='emacs-zmq'
PACKAGE_STRING='emacs-zmq 0.10.9'
PACKAGE_TARNAME='emacs-zmq'
PACKAGE_URL=''
PACKAGE_VERSION='0.10.9'
PATH_SEPARATOR=':'
PKG_CONFIG='/usr/bin/pkg-config'
PKG_CONFIG_LIBDIR=''
PKG_CONFIG_PATH=''
RANLIB='ranlib'
SED='/bin/sed'
SET_MAKE=''
SHELL='/bin/sh'
STRIP='strip'
VERSION='0.10.9'
WINDOWS_FALSE=''
WINDOWS_TRUE='#'
ZMQ_BUILD_LOCALLY_FALSE='#'
ZMQ_BUILD_LOCALLY_TRUE=''
ZMQ_CFLAGS=''
ZMQ_LIBS=''
ac_ct_AR='ar'
ac_ct_CC='gcc'
ac_ct_DUMPBIN=''
am__EXEEXT_FALSE=''
am__EXEEXT_TRUE='#'
am__fastdepCC_FALSE='#'
am__fastdepCC_TRUE=''
am__include='include'
am__isrc=''
am__leading_dot='.'
am__nodep='_no'
am__quote=''
am__tar='$${TAR-tar} chof - "$$tardir"'
am__untar='$${TAR-tar} xf -'
bindir='${exec_prefix}/bin'
build='x86_64-pc-linux-gnu'
build_alias=''
build_cpu='x86_64'
build_os='linux-gnu'
build_vendor='pc'
datadir='${datarootdir}'
datarootdir='${prefix}/share'
docdir='${datarootdir}/doc/${PACKAGE_TARNAME}'
dvidir='${docdir}'
exec_prefix='${prefix}'
host='x86_64-pc-linux-gnu'
host_alias=''
host_cpu='x86_64'
host_os='linux-gnu'
host_vendor='pc'
htmldir='${docdir}'
includedir='${prefix}/include'
infodir='${datarootdir}/info'
install_sh='${SHELL} /home/zacharias/.emacs.d/elpa/zmq-20190812.1910/src/install-sh'
libdir='${exec_prefix}/lib'
libexecdir='${exec_prefix}/libexec'
localedir='${datarootdir}/locale'
localstatedir='${prefix}/var'
mandir='${datarootdir}/man'
mkdir_p='$(MKDIR_P)'
oldincludedir='/usr/include'
pdfdir='${docdir}'
prefix='/home/zacharias/.emacs.d/elpa/zmq-20190812.1910'
program_transform_name='s,x,x,'
psdir='${docdir}'
sbindir='${exec_prefix}/sbin'
sharedstatedir='${prefix}/com'
subdirs=' libzmq'
sysconfdir='${prefix}/etc'
target_alias=''

## ----------- ##
## confdefs.h. ##
## ----------- ##

/* confdefs.h */
#define PACKAGE_NAME "emacs-zmq"
#define PACKAGE_TARNAME "emacs-zmq"
#define PACKAGE_VERSION "0.10.9"
#define PACKAGE_STRING "emacs-zmq 0.10.9"
#define PACKAGE_BUGREPORT "nathanielnicandro@gmail.com"
#define PACKAGE_URL ""
#define PACKAGE "emacs-zmq"
#define VERSION "0.10.9"
#define STDC_HEADERS 1
#define HAVE_SYS_TYPES_H 1
#define HAVE_SYS_STAT_H 1
#define HAVE_STDLIB_H 1
#define HAVE_STRING_H 1
#define HAVE_MEMORY_H 1
#define HAVE_STRINGS_H 1
#define HAVE_INTTYPES_H 1
#define HAVE_STDINT_H 1
#define HAVE_UNISTD_H 1
#define HAVE_DLFCN_H 1
#define LT_OBJDIR ".libs/"

configure: exit 0
